/home/riscv/synopsys/H-2013.03-SP2/auxx/gui/dv/dv_setup.tcl
/home/riscv/synopsys/H-2013.03-SP2/auxx/gui/syn/snpsSynProcs.tcl
/home/riscv/synopsys/H-2013.03-SP2/auxx/tcllib/lib/tcl8.4/package.tcl
/home/riscv/synopsys/H-2013.03-SP2/auxx/gui/syn/layout/pkgIndex.tcl
/home/riscv/synopsys/H-2013.03-SP2/auxx/gui/common/table/pkgIndex.tcl
/home/riscv/synopsys/H-2013.03-SP2/auxx/gui/common/WindowFrameWork/pkgIndex.tcl
/home/riscv/synopsys/H-2013.03-SP2/auxx/gui/common/view/pkgIndex.tcl
/home/riscv/synopsys/H-2013.03-SP2/auxx/gui/common/acg/pkgIndex.tcl
/home/riscv/synopsys/H-2013.03-SP2/auxx/gui/common/select/pkgIndex.tcl
/home/riscv/synopsys/H-2013.03-SP2/auxx/gui/common/strokes/pkgIndex.tcl
/home/riscv/synopsys/H-2013.03-SP2/auxx/gui/common/misc/pkgIndex.tcl
/home/riscv/synopsys/H-2013.03-SP2/auxx/gui/common/setup/pkgIndex.tcl
/home/riscv/synopsys/H-2013.03-SP2/auxx/gui/common/hierarchy/pkgIndex.tcl
/home/riscv/synopsys/H-2013.03-SP2/auxx/gui/common/layout/pkgIndex.tcl
/home/riscv/synopsys/H-2013.03-SP2/auxx/gui/common/docBrowser/pkgIndex.tcl
/home/riscv/synopsys/H-2013.03-SP2/auxx/gui/common/dialogs/pkgIndex.tcl
/home/riscv/synopsys/H-2013.03-SP2/auxx/gui/common/regressionToolkit/pkgIndex.tcl
/home/riscv/synopsys/H-2013.03-SP2/auxx/gui/common/profiler/pkgIndex.tcl
/home/riscv/synopsys/H-2013.03-SP2/auxx/gui/common/fanoutviewer/pkgIndex.tcl
/home/riscv/synopsys/H-2013.03-SP2/auxx/gui/common/highlight/pkgIndex.tcl
/home/riscv/synopsys/H-2013.03-SP2/auxx/gui/common/schematic/pkgIndex.tcl
/home/riscv/synopsys/H-2013.03-SP2/auxx/gui/common/menus/pkgIndex.tcl
/home/riscv/synopsys/H-2013.03-SP2/auxx/gui/common/libviewer/pkgIndex.tcl
/home/riscv/synopsys/H-2013.03-SP2/auxx/gui/common/tcl-dp/pkgIndex.tcl
/home/riscv/synopsys/H-2013.03-SP2/auxx/gui/common/qtcl/pkgIndex.tcl
/home/riscv/synopsys/H-2013.03-SP2/auxx/gui/common/histogram/pkgIndex.tcl
/home/riscv/synopsys/H-2013.03-SP2/auxx/gui/common/pathinspector/pkgIndex.tcl
/home/riscv/synopsys/H-2013.03-SP2/auxx/gui/common/timing/pkgIndex.tcl
/home/riscv/synopsys/H-2013.03-SP2/auxx/gui/common/opdlg/pkgIndex.tcl
/home/riscv/synopsys/H-2013.03-SP2/auxx/gui/dv/pkgIndex.tcl
/home/riscv/synopsys/H-2013.03-SP2/auxx/tcllib/snps_tcl/snpsTclPro/pkgIndex.tcl
/home/riscv/synopsys/H-2013.03-SP2/auxx/tcllib/snps_tcl/snpsTest/pkgIndex.tcl
/home/riscv/synopsys/H-2013.03-SP2/auxx/tcllib/snps_tcl/snpsUtils/pkgIndex.tcl
/home/riscv/synopsys/H-2013.03-SP2/auxx/tcllib/snps_tcl/pkgIndex.tcl
/home/riscv/synopsys/H-2013.03-SP2/auxx/tcllib/lib/tcl8.4/tcltest/pkgIndex.tcl
/home/riscv/synopsys/H-2013.03-SP2/auxx/tcllib/lib/tcl8.4/http/pkgIndex.tcl
/home/riscv/synopsys/H-2013.03-SP2/auxx/tcllib/lib/tcl8.4/reg/pkgIndex.tcl
/home/riscv/synopsys/H-2013.03-SP2/auxx/tcllib/lib/tcl8.4/opt/pkgIndex.tcl
/home/riscv/synopsys/H-2013.03-SP2/auxx/tcllib/lib/tcl8.4/dde/pkgIndex.tcl
/home/riscv/synopsys/H-2013.03-SP2/auxx/tcllib/lib/tcl8.4/http1.0/pkgIndex.tcl
/home/riscv/synopsys/H-2013.03-SP2/auxx/tcllib/lib/tcl8.4/msgcat/pkgIndex.tcl
/home/riscv/synopsys/H-2013.03-SP2/auxx/gui/common/setup/snpsCommonSetup.tcl
/home/riscv/synopsys/H-2013.03-SP2/auxx/gui/common/setup/snpsCustomize.tcl
/home/riscv/synopsys/H-2013.03-SP2/auxx/gui/common/setup/snpsProcheck.tcl
/home/riscv/synopsys/H-2013.03-SP2/auxx/gui/common/qtcl/.synopsys_qtcl.tcl
/home/riscv/synopsys/H-2013.03-SP2/auxx/gui/common/highlight/highlight.tcl
/home/riscv/synopsys/H-2013.03-SP2/auxx/gui/common/misc/base.tcl
/home/riscv/synopsys/H-2013.03-SP2/auxx/gui/common/misc/timing.tcl
/home/riscv/synopsys/H-2013.03-SP2/auxx/gui/common/misc/setting.tcl
/home/riscv/synopsys/H-2013.03-SP2/auxx/gui/common/misc/preset.tcl
/home/riscv/synopsys/H-2013.03-SP2/auxx/gui/common/WindowFrameWork/windowFrameWork.tcl
/home/riscv/synopsys/H-2013.03-SP2/auxx/gui/common/WindowFrameWork/skipBusyCursorCmdList.tcl
/home/riscv/synopsys/H-2013.03-SP2/auxx/gui/common/docBrowser/docBrowser.tcl
/home/riscv/synopsys/H-2013.03-SP2/auxx/tcllib/snps_tcl/snpsUtils/snpsUtils.tcl
/home/riscv/synopsys/H-2013.03-SP2/auxx/gui/common/dialogs/ObjectChooser.tcl
/home/riscv/synopsys/H-2013.03-SP2/auxx/gui/common/misc/DialogObjectChooser.tcl
/home/riscv/synopsys/H-2013.03-SP2/auxx/gui/common/dialogs/HistBinInformation.tcl
/home/riscv/synopsys/H-2013.03-SP2/auxx/gui/common/dialogs/HistBin1Information.tcl
/home/riscv/synopsys/H-2013.03-SP2/auxx/gui/common/dialogs/BinsOnlyInformation.tcl
/home/riscv/synopsys/H-2013.03-SP2/auxx/gui/common/dialogs/FileChooser.tcl
/home/riscv/synopsys/H-2013.03-SP2/auxx/gui/common/dialogs/PathPinSimpleInfo.tcl
/home/riscv/synopsys/H-2013.03-SP2/auxx/gui/common/dialogs/PathsBasicInfo.tcl
/home/riscv/synopsys/H-2013.03-SP2/auxx/gui/common/dialogs/PathsBasicSimpleInfo.tcl
/home/riscv/synopsys/H-2013.03-SP2/auxx/gui/common/dialogs/SlctOperationInfo.tcl
/home/riscv/synopsys/H-2013.03-SP2/auxx/gui/common/dialogs/ObjectListInfo.tcl
/home/riscv/synopsys/H-2013.03-SP2/auxx/gui/common/dialogs/FanInOutInfo.tcl
/home/riscv/synopsys/H-2013.03-SP2/auxx/gui/common/dialogs/NumberOfLevelsChooser.tcl
/home/riscv/synopsys/H-2013.03-SP2/auxx/gui/common/dialogs/WindowReuseInfo.tcl
/home/riscv/synopsys/H-2013.03-SP2/auxx/gui/common/dialogs/ReportOutputOptionInfo.tcl
/home/riscv/synopsys/H-2013.03-SP2/auxx/gui/common/setup/snpsCollections.tcl
/home/riscv/synopsys/H-2013.03-SP2/auxx/gui/common/dialogs/CompileLinkDesign.tcl
/home/riscv/synopsys/H-2013.03-SP2/auxx/gui/common/histogram/DialogEndpointSlack.tcl
/home/riscv/synopsys/H-2013.03-SP2/auxx/gui/common/histogram/DialogPathsSlack.tcl
/home/riscv/synopsys/H-2013.03-SP2/auxx/gui/common/histogram/DialogNetCapacitance.tcl
/home/riscv/synopsys/H-2013.03-SP2/auxx/gui/common/schematic/DialogPathSchematicFanInOut.tcl
/home/riscv/synopsys/H-2013.03-SP2/auxx/gui/common/schematic/DialogPathSchematicAddPaths.tcl
/home/riscv/RepVGG_acc/script/dc_main.tcl
/home/riscv/RepVGG_acc/script/1_setup.tcl
/home/riscv/RepVGG_acc/script/2_read_file.tcl
/home/riscv/RepVGG_acc/rtl/chnl_acum.v
/home/riscv/RepVGG_acc/rtl/sram_4k64.v
/home/riscv/RepVGG_acc/rtl/acc_top.v
/home/riscv/RepVGG_acc/rtl/mul.v
/home/riscv/RepVGG_acc/rtl/accumulator.v
/home/riscv/RepVGG_acc/rtl/pe3x3.v
/home/riscv/RepVGG_acc/rtl/par2ser.v
/home/riscv/RepVGG_acc/rtl/ser2par.v
/home/riscv/RepVGG_acc/rtl/relu.v
/home/riscv/RepVGG_acc/rtl/sram_8k32.v
/home/riscv/RepVGG_acc/rtl/mems.v
/home/riscv/RepVGG_acc/rtl/pe1x1.v
/home/riscv/library/dc/saed32rvt_ss0p95v125c.db
/home/riscv/library/dc/sram_8kx32_ss_0p99v_0p99v_125c.db
/home/riscv/library/dc/sram_4kx64_ss_0p99v_0p99v_125c.db
/home/riscv/synopsys/H-2013.03-SP2/libraries/syn/gtech.db
/home/riscv/synopsys/H-2013.03-SP2/libraries/syn/standard.sldb
/home/riscv/RepVGG_acc/script/3_set_main_clk.tcl
/home/riscv/RepVGG_acc/script/4_set_mode_inout_drc_load.tcl
/home/riscv/RepVGG_acc/script/5_write_file.tcl
/home/riscv/RepVGG_acc/script/dc_main.tcl
/home/riscv/RepVGG_acc/script/1_setup.tcl
/home/riscv/RepVGG_acc/script/2_read_file.tcl
/home/riscv/RepVGG_acc/rtl/chnl_acum.v
/home/riscv/RepVGG_acc/rtl/sram_4k64.v
/home/riscv/RepVGG_acc/rtl/acc_top.v
/home/riscv/RepVGG_acc/rtl/mul.v
/home/riscv/RepVGG_acc/rtl/accumulator.v
/home/riscv/RepVGG_acc/rtl/pe3x3.v
/home/riscv/RepVGG_acc/rtl/par2ser.v
/home/riscv/RepVGG_acc/rtl/ser2par.v
/home/riscv/RepVGG_acc/rtl/relu.v
/home/riscv/RepVGG_acc/rtl/sram_8k32.v
/home/riscv/RepVGG_acc/rtl/mems.v
/home/riscv/RepVGG_acc/rtl/pe1x1.v
/home/riscv/RepVGG_acc/script/3_set_main_clk.tcl
/home/riscv/RepVGG_acc/script/4_set_mode_inout_drc_load.tcl
/home/riscv/RepVGG_acc/script/5_write_file.tcl
/home/riscv/RepVGG_acc/script/dc_main.tcl
/home/riscv/RepVGG_acc/script/1_setup.tcl
/home/riscv/RepVGG_acc/script/2_read_file.tcl
/home/riscv/RepVGG_acc/rtl/chnl_acum.v
/home/riscv/RepVGG_acc/rtl/sram_4k64.v
/home/riscv/RepVGG_acc/rtl/acc_top.v
/home/riscv/RepVGG_acc/rtl/mul.v
/home/riscv/RepVGG_acc/rtl/accumulator.v
/home/riscv/RepVGG_acc/rtl/pe3x3.v
/home/riscv/RepVGG_acc/rtl/par2ser.v
/home/riscv/RepVGG_acc/rtl/ser2par.v
/home/riscv/RepVGG_acc/rtl/relu.v
/home/riscv/RepVGG_acc/rtl/sram_8k32.v
/home/riscv/RepVGG_acc/rtl/mems.v
/home/riscv/RepVGG_acc/rtl/pe1x1.v
/home/riscv/RepVGG_acc/script/3_set_main_clk.tcl
/home/riscv/RepVGG_acc/script/4_set_mode_inout_drc_load.tcl
/home/riscv/RepVGG_acc/script/5_write_file.tcl
/home/riscv/RepVGG_acc/script/dc_main.tcl
/home/riscv/RepVGG_acc/script/1_setup.tcl
/home/riscv/RepVGG_acc/script/2_read_file.tcl
/home/riscv/RepVGG_acc/rtl/chnl_acum.v
/home/riscv/RepVGG_acc/rtl/sram_4k64.v
/home/riscv/RepVGG_acc/rtl/acc_top.v
/home/riscv/RepVGG_acc/rtl/mul.v
/home/riscv/RepVGG_acc/rtl/accumulator.v
/home/riscv/RepVGG_acc/rtl/pe3x3.v
/home/riscv/RepVGG_acc/rtl/par2ser.v
/home/riscv/RepVGG_acc/rtl/ser2par.v
/home/riscv/RepVGG_acc/rtl/relu.v
/home/riscv/RepVGG_acc/rtl/sram_8k32.v
/home/riscv/RepVGG_acc/rtl/mems.v
/home/riscv/RepVGG_acc/rtl/pe1x1.v
/home/riscv/RepVGG_acc/script/3_set_main_clk.tcl
/home/riscv/RepVGG_acc/script/4_set_mode_inout_drc_load.tcl
/home/riscv/RepVGG_acc/script/5_write_file.tcl
/home/riscv/RepVGG_acc/script/dc_main.tcl
/home/riscv/RepVGG_acc/script/1_setup.tcl
/home/riscv/RepVGG_acc/script/2_read_file.tcl
/home/riscv/RepVGG_acc/rtl/chnl_acum.v
/home/riscv/RepVGG_acc/rtl/sram_4k64.v
/home/riscv/RepVGG_acc/rtl/acc_top.v
/home/riscv/RepVGG_acc/rtl/mul.v
/home/riscv/RepVGG_acc/rtl/accumulator.v
/home/riscv/RepVGG_acc/rtl/pe3x3.v
/home/riscv/RepVGG_acc/rtl/par2ser.v
/home/riscv/RepVGG_acc/rtl/ser2par.v
/home/riscv/RepVGG_acc/rtl/relu.v
/home/riscv/RepVGG_acc/rtl/sram_8k32.v
/home/riscv/RepVGG_acc/rtl/mems.v
/home/riscv/RepVGG_acc/rtl/pe1x1.v
/home/riscv/RepVGG_acc/script/3_set_main_clk.tcl
/home/riscv/RepVGG_acc/script/4_set_mode_inout_drc_load.tcl
/home/riscv/RepVGG_acc/script/5_write_file.tcl
/home/riscv/RepVGG_acc/script/dc_main.tcl
/home/riscv/RepVGG_acc/script/1_setup.tcl
/home/riscv/RepVGG_acc/script/2_read_file.tcl
/home/riscv/RepVGG_acc/rtl/chnl_acum.v
/home/riscv/RepVGG_acc/rtl/sram_4k64.v
/home/riscv/RepVGG_acc/rtl/acc_top.v
/home/riscv/RepVGG_acc/rtl/mul.v
/home/riscv/RepVGG_acc/rtl/accumulator.v
/home/riscv/RepVGG_acc/rtl/pe3x3.v
/home/riscv/RepVGG_acc/rtl/par2ser.v
/home/riscv/RepVGG_acc/rtl/ser2par.v
/home/riscv/RepVGG_acc/rtl/relu.v
/home/riscv/RepVGG_acc/rtl/sram_8k32.v
/home/riscv/RepVGG_acc/rtl/mems.v
/home/riscv/RepVGG_acc/rtl/pe1x1.v
/home/riscv/RepVGG_acc/script/3_set_main_clk.tcl
/home/riscv/RepVGG_acc/script/4_set_mode_inout_drc_load.tcl
/home/riscv/RepVGG_acc/script/5_write_file.tcl
/home/riscv/RepVGG_acc/script/dc_main.tcl
/home/riscv/RepVGG_acc/script/1_setup.tcl
/home/riscv/RepVGG_acc/script/2_read_file.tcl
/home/riscv/RepVGG_acc/rtl/chnl_acum.v
/home/riscv/RepVGG_acc/rtl/sram_4k64.v
/home/riscv/RepVGG_acc/rtl/acc_top.v
/home/riscv/RepVGG_acc/rtl/mul.v
/home/riscv/RepVGG_acc/rtl/accumulator.v
/home/riscv/RepVGG_acc/rtl/pe3x3.v
/home/riscv/RepVGG_acc/rtl/par2ser.v
/home/riscv/RepVGG_acc/rtl/ser2par.v
/home/riscv/RepVGG_acc/rtl/relu.v
/home/riscv/RepVGG_acc/rtl/sram_8k32.v
/home/riscv/RepVGG_acc/rtl/mems.v
/home/riscv/RepVGG_acc/rtl/pe1x1.v
/home/riscv/RepVGG_acc/script/3_set_main_clk.tcl
/home/riscv/RepVGG_acc/script/4_set_mode_inout_drc_load.tcl
/home/riscv/RepVGG_acc/script/5_write_file.tcl
